[2015-09-16 15:18:44] batch.DEBUG: Job execution starting: startTime=, endTime=, updatedTime=, status=2, exitStatus=[UNKNOWN] , exitDescription=[], job=[fixtures_category_csv] [] []
[2015-09-16 15:18:44] batch.INFO: Step execution starting: id=0, name=[pim_base_connector.jobs.fixtures_category_csv.validation.title], status=[2], exitCode=[EXECUTING], exitDescription=[], readCount=0, writeCount=0, filterCount=0 [] []
[2015-09-16 15:18:44] batch.DEBUG: Step execution success: id= 1 [] []
[2015-09-16 15:18:44] batch.DEBUG: Step execution complete: id=1, name=[pim_base_connector.jobs.fixtures_category_csv.validation.title], status=[1], exitCode=[EXECUTING], exitDescription=[], readCount=0, writeCount=0, filterCount=0 [] []
[2015-09-16 15:18:44] batch.INFO: Step execution starting: id=0, name=[pim_installer.jobs.fixtures_category_csv.import.title], status=[2], exitCode=[EXECUTING], exitDescription=[], readCount=0, writeCount=0, filterCount=0 [] []
[2015-09-16 15:18:44] batch.DEBUG: Step execution success: id= 2 [] []
[2015-09-16 15:18:44] batch.DEBUG: Step execution complete: id=2, name=[pim_installer.jobs.fixtures_category_csv.import.title], status=[1], exitCode=[EXECUTING], exitDescription=[], readCount=0, writeCount=0, filterCount=0 [] []
[2015-09-16 15:18:44] batch.DEBUG: Upgrading JobExecution status: startTime=2015-09-16T13:18:44+00:00, endTime=, updatedTime=, status=3, exitStatus=[UNKNOWN] , exitDescription=[], job=[fixtures_category_csv] [] []
[2015-09-16 15:18:45] batch.DEBUG: Job execution starting: startTime=, endTime=, updatedTime=, status=2, exitStatus=[UNKNOWN] , exitDescription=[], job=[fixtures_group_type_yml] [] []
[2015-09-16 15:18:45] batch.INFO: Step execution starting: id=0, name=[pim_base_connector.jobs.fixtures_group_type_yml.validation.title], status=[2], exitCode=[EXECUTING], exitDescription=[], readCount=0, writeCount=0, filterCount=0 [] []
[2015-09-16 15:18:45] batch.DEBUG: Step execution success: id= 3 [] []
[2015-09-16 15:18:45] batch.DEBUG: Step execution complete: id=3, name=[pim_base_connector.jobs.fixtures_group_type_yml.validation.title], status=[1], exitCode=[EXECUTING], exitDescription=[], readCount=0, writeCount=0, filterCount=0 [] []
[2015-09-16 15:18:45] batch.INFO: Step execution starting: id=0, name=[pim_installer.jobs.fixtures_group_type_yml.import.title], status=[2], exitCode=[EXECUTING], exitDescription=[], readCount=0, writeCount=0, filterCount=0 [] []
[2015-09-16 15:18:45] batch.DEBUG: Step execution success: id= 4 [] []
[2015-09-16 15:18:45] batch.DEBUG: Step execution complete: id=4, name=[pim_installer.jobs.fixtures_group_type_yml.import.title], status=[1], exitCode=[EXECUTING], exitDescription=[], readCount=0, writeCount=0, filterCount=0 [] []
[2015-09-16 15:18:45] batch.DEBUG: Upgrading JobExecution status: startTime=2015-09-16T13:18:45+00:00, endTime=, updatedTime=, status=3, exitStatus=[UNKNOWN] , exitDescription=[], job=[fixtures_group_type_yml] [] []
[2015-09-16 15:18:45] batch.DEBUG: Job execution starting: startTime=, endTime=, updatedTime=, status=2, exitStatus=[UNKNOWN] , exitDescription=[], job=[fixtures_attribute_group_yml] [] []
[2015-09-16 15:18:46] batch.INFO: Step execution starting: id=0, name=[pim_base_connector.jobs.fixtures_attribute_group_yml.validation.title], status=[2], exitCode=[EXECUTING], exitDescription=[], readCount=0, writeCount=0, filterCount=0 [] []
[2015-09-16 15:18:46] batch.DEBUG: Step execution success: id= 5 [] []
[2015-09-16 15:18:46] batch.DEBUG: Step execution complete: id=5, name=[pim_base_connector.jobs.fixtures_attribute_group_yml.validation.title], status=[1], exitCode=[EXECUTING], exitDescription=[], readCount=0, writeCount=0, filterCount=0 [] []
[2015-09-16 15:18:46] batch.INFO: Step execution starting: id=0, name=[pim_installer.jobs.fixtures_attribute_group_yml.import.title], status=[2], exitCode=[EXECUTING], exitDescription=[], readCount=0, writeCount=0, filterCount=0 [] []
[2015-09-16 15:18:46] batch.DEBUG: Step execution success: id= 6 [] []
[2015-09-16 15:18:46] batch.DEBUG: Step execution complete: id=6, name=[pim_installer.jobs.fixtures_attribute_group_yml.import.title], status=[1], exitCode=[EXECUTING], exitDescription=[], readCount=0, writeCount=0, filterCount=0 [] []
[2015-09-16 15:18:46] batch.DEBUG: Upgrading JobExecution status: startTime=2015-09-16T13:18:45+00:00, endTime=, updatedTime=, status=3, exitStatus=[UNKNOWN] , exitDescription=[], job=[fixtures_attribute_group_yml] [] []
[2015-09-16 15:18:46] batch.DEBUG: Job execution starting: startTime=, endTime=, updatedTime=, status=2, exitStatus=[UNKNOWN] , exitDescription=[], job=[fixtures_association_type_yml] [] []
[2015-09-16 15:18:46] batch.INFO: Step execution starting: id=0, name=[pim_base_connector.jobs.fixtures_association_type_yml.validation.title], status=[2], exitCode=[EXECUTING], exitDescription=[], readCount=0, writeCount=0, filterCount=0 [] []
[2015-09-16 15:18:47] batch.DEBUG: Step execution success: id= 7 [] []
[2015-09-16 15:18:47] batch.DEBUG: Step execution complete: id=7, name=[pim_base_connector.jobs.fixtures_association_type_yml.validation.title], status=[1], exitCode=[EXECUTING], exitDescription=[], readCount=0, writeCount=0, filterCount=0 [] []
[2015-09-16 15:18:47] batch.INFO: Step execution starting: id=0, name=[pim_installer.jobs.fixtures_association_type_yml.import.title], status=[2], exitCode=[EXECUTING], exitDescription=[], readCount=0, writeCount=0, filterCount=0 [] []
[2015-09-16 15:18:48] batch.DEBUG: Step execution success: id= 8 [] []
[2015-09-16 15:18:48] batch.DEBUG: Step execution complete: id=8, name=[pim_installer.jobs.fixtures_association_type_yml.import.title], status=[1], exitCode=[EXECUTING], exitDescription=[], readCount=0, writeCount=0, filterCount=0 [] []
[2015-09-16 15:18:48] batch.DEBUG: Upgrading JobExecution status: startTime=2015-09-16T13:18:46+00:00, endTime=, updatedTime=, status=3, exitStatus=[UNKNOWN] , exitDescription=[], job=[fixtures_association_type_yml] [] []
[2015-09-16 15:18:48] batch.DEBUG: Job execution starting: startTime=, endTime=, updatedTime=, status=2, exitStatus=[UNKNOWN] , exitDescription=[], job=[fixtures_attribute_yml] [] []
[2015-09-16 15:18:48] batch.INFO: Step execution starting: id=0, name=[pim_base_connector.jobs.fixtures_attribute_yml.validation.title], status=[2], exitCode=[EXECUTING], exitDescription=[], readCount=0, writeCount=0, filterCount=0 [] []
[2015-09-16 15:18:48] batch.DEBUG: Step execution success: id= 9 [] []
[2015-09-16 15:18:48] batch.DEBUG: Step execution complete: id=9, name=[pim_base_connector.jobs.fixtures_attribute_yml.validation.title], status=[1], exitCode=[EXECUTING], exitDescription=[], readCount=0, writeCount=0, filterCount=0 [] []
[2015-09-16 15:18:48] batch.INFO: Step execution starting: id=0, name=[pim_installer.jobs.fixtures_attribute_yml.import.title], status=[2], exitCode=[EXECUTING], exitDescription=[], readCount=0, writeCount=0, filterCount=0 [] []
[2015-09-16 15:18:49] batch.DEBUG: Step execution success: id= 10 [] []
[2015-09-16 15:18:49] batch.DEBUG: Step execution complete: id=10, name=[pim_installer.jobs.fixtures_attribute_yml.import.title], status=[1], exitCode=[EXECUTING], exitDescription=[], readCount=0, writeCount=0, filterCount=0 [] []
[2015-09-16 15:18:49] batch.DEBUG: Upgrading JobExecution status: startTime=2015-09-16T13:18:48+00:00, endTime=, updatedTime=, status=3, exitStatus=[UNKNOWN] , exitDescription=[], job=[fixtures_attribute_yml] [] []
[2015-09-16 15:18:49] batch.DEBUG: Job execution starting: startTime=, endTime=, updatedTime=, status=2, exitStatus=[UNKNOWN] , exitDescription=[], job=[fixtures_channel_yml] [] []
[2015-09-16 15:18:49] batch.INFO: Step execution starting: id=0, name=[pim_base_connector.jobs.fixtures_channel_yml.validation.title], status=[2], exitCode=[EXECUTING], exitDescription=[], readCount=0, writeCount=0, filterCount=0 [] []
[2015-09-16 15:18:50] batch.DEBUG: Step execution success: id= 11 [] []
[2015-09-16 15:18:50] batch.DEBUG: Step execution complete: id=11, name=[pim_base_connector.jobs.fixtures_channel_yml.validation.title], status=[1], exitCode=[EXECUTING], exitDescription=[], readCount=0, writeCount=0, filterCount=0 [] []
[2015-09-16 15:18:50] batch.INFO: Step execution starting: id=0, name=[pim_installer.jobs.fixtures_channel_yml.import.title], status=[2], exitCode=[EXECUTING], exitDescription=[], readCount=0, writeCount=0, filterCount=0 [] []
[2015-09-16 15:18:50] batch.DEBUG: Step execution success: id= 12 [] []
[2015-09-16 15:18:50] batch.DEBUG: Step execution complete: id=12, name=[pim_installer.jobs.fixtures_channel_yml.import.title], status=[1], exitCode=[EXECUTING], exitDescription=[], readCount=0, writeCount=0, filterCount=0 [] []
[2015-09-16 15:18:50] batch.DEBUG: Upgrading JobExecution status: startTime=2015-09-16T13:18:49+00:00, endTime=, updatedTime=, status=3, exitStatus=[UNKNOWN] , exitDescription=[], job=[fixtures_channel_yml] [] []
[2015-09-16 15:18:50] batch.DEBUG: Job execution starting: startTime=, endTime=, updatedTime=, status=2, exitStatus=[UNKNOWN] , exitDescription=[], job=[fixtures_family_yml] [] []
[2015-09-16 15:18:50] batch.INFO: Step execution starting: id=0, name=[pim_base_connector.jobs.fixtures_family_yml.validation.title], status=[2], exitCode=[EXECUTING], exitDescription=[], readCount=0, writeCount=0, filterCount=0 [] []
[2015-09-16 15:18:51] batch.DEBUG: Step execution success: id= 13 [] []
[2015-09-16 15:18:51] batch.DEBUG: Step execution complete: id=13, name=[pim_base_connector.jobs.fixtures_family_yml.validation.title], status=[1], exitCode=[EXECUTING], exitDescription=[], readCount=0, writeCount=0, filterCount=0 [] []
[2015-09-16 15:18:51] batch.INFO: Step execution starting: id=0, name=[pim_installer.jobs.fixtures_family_yml.import.title], status=[2], exitCode=[EXECUTING], exitDescription=[], readCount=0, writeCount=0, filterCount=0 [] []
[2015-09-16 15:18:51] batch.DEBUG: Step execution success: id= 14 [] []
[2015-09-16 15:18:51] batch.DEBUG: Step execution complete: id=14, name=[pim_installer.jobs.fixtures_family_yml.import.title], status=[1], exitCode=[EXECUTING], exitDescription=[], readCount=0, writeCount=0, filterCount=0 [] []
[2015-09-16 15:18:51] batch.DEBUG: Upgrading JobExecution status: startTime=2015-09-16T13:18:50+00:00, endTime=, updatedTime=, status=3, exitStatus=[UNKNOWN] , exitDescription=[], job=[fixtures_family_yml] [] []
