[2015-09-15 12:00:00] batch.DEBUG: Job execution starting: startTime=, endTime=, updatedTime=, status=2, exitStatus=[UNKNOWN] , exitDescription=[], job=[fixtures_category_csv] [] []
[2015-09-15 12:00:00] batch.INFO: Step execution starting: id=0, name=[pim_base_connector.jobs.fixtures_category_csv.validation.title], status=[2], exitCode=[EXECUTING], exitDescription=[], readCount=0, writeCount=0, filterCount=0 [] []
[2015-09-15 12:00:00] batch.DEBUG: Step execution success: id= 1 [] []
[2015-09-15 12:00:00] batch.DEBUG: Step execution complete: id=1, name=[pim_base_connector.jobs.fixtures_category_csv.validation.title], status=[1], exitCode=[EXECUTING], exitDescription=[], readCount=0, writeCount=0, filterCount=0 [] []
[2015-09-15 12:00:00] batch.INFO: Step execution starting: id=0, name=[pim_installer.jobs.fixtures_category_csv.import.title], status=[2], exitCode=[EXECUTING], exitDescription=[], readCount=0, writeCount=0, filterCount=0 [] []
[2015-09-15 12:00:01] batch.DEBUG: Step execution success: id= 2 [] []
[2015-09-15 12:00:01] batch.DEBUG: Step execution complete: id=2, name=[pim_installer.jobs.fixtures_category_csv.import.title], status=[1], exitCode=[EXECUTING], exitDescription=[], readCount=0, writeCount=0, filterCount=0 [] []
[2015-09-15 12:00:01] batch.DEBUG: Upgrading JobExecution status: startTime=2015-09-15T10:00:00+00:00, endTime=, updatedTime=, status=3, exitStatus=[UNKNOWN] , exitDescription=[], job=[fixtures_category_csv] [] []
[2015-09-15 12:00:01] batch.DEBUG: Job execution starting: startTime=, endTime=, updatedTime=, status=2, exitStatus=[UNKNOWN] , exitDescription=[], job=[fixtures_group_type_yml] [] []
[2015-09-15 12:00:02] batch.INFO: Step execution starting: id=0, name=[pim_base_connector.jobs.fixtures_group_type_yml.validation.title], status=[2], exitCode=[EXECUTING], exitDescription=[], readCount=0, writeCount=0, filterCount=0 [] []
[2015-09-15 12:00:02] batch.DEBUG: Step execution success: id= 3 [] []
[2015-09-15 12:00:02] batch.DEBUG: Step execution complete: id=3, name=[pim_base_connector.jobs.fixtures_group_type_yml.validation.title], status=[1], exitCode=[EXECUTING], exitDescription=[], readCount=0, writeCount=0, filterCount=0 [] []
[2015-09-15 12:00:02] batch.INFO: Step execution starting: id=0, name=[pim_installer.jobs.fixtures_group_type_yml.import.title], status=[2], exitCode=[EXECUTING], exitDescription=[], readCount=0, writeCount=0, filterCount=0 [] []
[2015-09-15 12:00:02] batch.DEBUG: Step execution success: id= 4 [] []
[2015-09-15 12:00:02] batch.DEBUG: Step execution complete: id=4, name=[pim_installer.jobs.fixtures_group_type_yml.import.title], status=[1], exitCode=[EXECUTING], exitDescription=[], readCount=0, writeCount=0, filterCount=0 [] []
[2015-09-15 12:00:02] batch.DEBUG: Upgrading JobExecution status: startTime=2015-09-15T10:00:01+00:00, endTime=, updatedTime=, status=3, exitStatus=[UNKNOWN] , exitDescription=[], job=[fixtures_group_type_yml] [] []
[2015-09-15 12:00:02] batch.DEBUG: Job execution starting: startTime=, endTime=, updatedTime=, status=2, exitStatus=[UNKNOWN] , exitDescription=[], job=[fixtures_attribute_group_yml] [] []
[2015-09-15 12:00:03] batch.INFO: Step execution starting: id=0, name=[pim_base_connector.jobs.fixtures_attribute_group_yml.validation.title], status=[2], exitCode=[EXECUTING], exitDescription=[], readCount=0, writeCount=0, filterCount=0 [] []
[2015-09-15 12:00:03] batch.DEBUG: Step execution success: id= 5 [] []
[2015-09-15 12:00:03] batch.DEBUG: Step execution complete: id=5, name=[pim_base_connector.jobs.fixtures_attribute_group_yml.validation.title], status=[1], exitCode=[EXECUTING], exitDescription=[], readCount=0, writeCount=0, filterCount=0 [] []
[2015-09-15 12:00:03] batch.INFO: Step execution starting: id=0, name=[pim_installer.jobs.fixtures_attribute_group_yml.import.title], status=[2], exitCode=[EXECUTING], exitDescription=[], readCount=0, writeCount=0, filterCount=0 [] []
[2015-09-15 12:00:04] batch.DEBUG: Step execution success: id= 6 [] []
[2015-09-15 12:00:04] batch.DEBUG: Step execution complete: id=6, name=[pim_installer.jobs.fixtures_attribute_group_yml.import.title], status=[1], exitCode=[EXECUTING], exitDescription=[], readCount=0, writeCount=0, filterCount=0 [] []
[2015-09-15 12:00:04] batch.DEBUG: Upgrading JobExecution status: startTime=2015-09-15T10:00:02+00:00, endTime=, updatedTime=, status=3, exitStatus=[UNKNOWN] , exitDescription=[], job=[fixtures_attribute_group_yml] [] []
[2015-09-15 12:00:05] batch.DEBUG: Job execution starting: startTime=, endTime=, updatedTime=, status=2, exitStatus=[UNKNOWN] , exitDescription=[], job=[fixtures_association_type_yml] [] []
[2015-09-15 12:00:05] batch.INFO: Step execution starting: id=0, name=[pim_base_connector.jobs.fixtures_association_type_yml.validation.title], status=[2], exitCode=[EXECUTING], exitDescription=[], readCount=0, writeCount=0, filterCount=0 [] []
[2015-09-15 12:00:06] batch.DEBUG: Step execution success: id= 7 [] []
[2015-09-15 12:00:06] batch.DEBUG: Step execution complete: id=7, name=[pim_base_connector.jobs.fixtures_association_type_yml.validation.title], status=[1], exitCode=[EXECUTING], exitDescription=[], readCount=0, writeCount=0, filterCount=0 [] []
[2015-09-15 12:00:06] batch.INFO: Step execution starting: id=0, name=[pim_installer.jobs.fixtures_association_type_yml.import.title], status=[2], exitCode=[EXECUTING], exitDescription=[], readCount=0, writeCount=0, filterCount=0 [] []
[2015-09-15 12:00:07] batch.DEBUG: Step execution success: id= 8 [] []
[2015-09-15 12:00:07] batch.DEBUG: Step execution complete: id=8, name=[pim_installer.jobs.fixtures_association_type_yml.import.title], status=[1], exitCode=[EXECUTING], exitDescription=[], readCount=0, writeCount=0, filterCount=0 [] []
[2015-09-15 12:00:07] batch.DEBUG: Upgrading JobExecution status: startTime=2015-09-15T10:00:05+00:00, endTime=, updatedTime=, status=3, exitStatus=[UNKNOWN] , exitDescription=[], job=[fixtures_association_type_yml] [] []
[2015-09-15 12:00:07] batch.DEBUG: Job execution starting: startTime=, endTime=, updatedTime=, status=2, exitStatus=[UNKNOWN] , exitDescription=[], job=[fixtures_attribute_yml] [] []
[2015-09-15 12:00:07] batch.INFO: Step execution starting: id=0, name=[pim_base_connector.jobs.fixtures_attribute_yml.validation.title], status=[2], exitCode=[EXECUTING], exitDescription=[], readCount=0, writeCount=0, filterCount=0 [] []
[2015-09-15 12:00:08] batch.DEBUG: Step execution success: id= 9 [] []
[2015-09-15 12:00:08] batch.DEBUG: Step execution complete: id=9, name=[pim_base_connector.jobs.fixtures_attribute_yml.validation.title], status=[1], exitCode=[EXECUTING], exitDescription=[], readCount=0, writeCount=0, filterCount=0 [] []
[2015-09-15 12:00:08] batch.INFO: Step execution starting: id=0, name=[pim_installer.jobs.fixtures_attribute_yml.import.title], status=[2], exitCode=[EXECUTING], exitDescription=[], readCount=0, writeCount=0, filterCount=0 [] []
[2015-09-15 12:00:08] batch.DEBUG: Step execution success: id= 10 [] []
[2015-09-15 12:00:08] batch.DEBUG: Step execution complete: id=10, name=[pim_installer.jobs.fixtures_attribute_yml.import.title], status=[1], exitCode=[EXECUTING], exitDescription=[], readCount=0, writeCount=0, filterCount=0 [] []
[2015-09-15 12:00:08] batch.DEBUG: Upgrading JobExecution status: startTime=2015-09-15T10:00:07+00:00, endTime=, updatedTime=, status=3, exitStatus=[UNKNOWN] , exitDescription=[], job=[fixtures_attribute_yml] [] []
[2015-09-15 12:00:09] batch.DEBUG: Job execution starting: startTime=, endTime=, updatedTime=, status=2, exitStatus=[UNKNOWN] , exitDescription=[], job=[fixtures_channel_yml] [] []
[2015-09-15 12:00:09] batch.INFO: Step execution starting: id=0, name=[pim_base_connector.jobs.fixtures_channel_yml.validation.title], status=[2], exitCode=[EXECUTING], exitDescription=[], readCount=0, writeCount=0, filterCount=0 [] []
[2015-09-15 12:00:09] batch.DEBUG: Step execution success: id= 11 [] []
[2015-09-15 12:00:09] batch.DEBUG: Step execution complete: id=11, name=[pim_base_connector.jobs.fixtures_channel_yml.validation.title], status=[1], exitCode=[EXECUTING], exitDescription=[], readCount=0, writeCount=0, filterCount=0 [] []
[2015-09-15 12:00:09] batch.INFO: Step execution starting: id=0, name=[pim_installer.jobs.fixtures_channel_yml.import.title], status=[2], exitCode=[EXECUTING], exitDescription=[], readCount=0, writeCount=0, filterCount=0 [] []
[2015-09-15 12:00:09] batch.DEBUG: Step execution success: id= 12 [] []
[2015-09-15 12:00:09] batch.DEBUG: Step execution complete: id=12, name=[pim_installer.jobs.fixtures_channel_yml.import.title], status=[1], exitCode=[EXECUTING], exitDescription=[], readCount=0, writeCount=0, filterCount=0 [] []
[2015-09-15 12:00:10] batch.DEBUG: Upgrading JobExecution status: startTime=2015-09-15T10:00:09+00:00, endTime=, updatedTime=, status=3, exitStatus=[UNKNOWN] , exitDescription=[], job=[fixtures_channel_yml] [] []
[2015-09-15 12:00:10] batch.DEBUG: Job execution starting: startTime=, endTime=, updatedTime=, status=2, exitStatus=[UNKNOWN] , exitDescription=[], job=[fixtures_family_yml] [] []
[2015-09-15 12:00:10] batch.INFO: Step execution starting: id=0, name=[pim_base_connector.jobs.fixtures_family_yml.validation.title], status=[2], exitCode=[EXECUTING], exitDescription=[], readCount=0, writeCount=0, filterCount=0 [] []
[2015-09-15 12:00:10] batch.DEBUG: Step execution success: id= 13 [] []
[2015-09-15 12:00:10] batch.DEBUG: Step execution complete: id=13, name=[pim_base_connector.jobs.fixtures_family_yml.validation.title], status=[1], exitCode=[EXECUTING], exitDescription=[], readCount=0, writeCount=0, filterCount=0 [] []
[2015-09-15 12:00:10] batch.INFO: Step execution starting: id=0, name=[pim_installer.jobs.fixtures_family_yml.import.title], status=[2], exitCode=[EXECUTING], exitDescription=[], readCount=0, writeCount=0, filterCount=0 [] []
[2015-09-15 12:00:11] batch.DEBUG: Step execution success: id= 14 [] []
[2015-09-15 12:00:11] batch.DEBUG: Step execution complete: id=14, name=[pim_installer.jobs.fixtures_family_yml.import.title], status=[1], exitCode=[EXECUTING], exitDescription=[], readCount=0, writeCount=0, filterCount=0 [] []
[2015-09-15 12:00:11] batch.DEBUG: Upgrading JobExecution status: startTime=2015-09-15T10:00:10+00:00, endTime=, updatedTime=, status=3, exitStatus=[UNKNOWN] , exitDescription=[], job=[fixtures_family_yml] [] []
